<?xml version="1.0" encoding="UTF-8"?>
<!-- Generated by org.testng.reporters.JUnitReportReporter -->
<testsuite skipped="0" hostname="Madhavan-B" name="amazon.Selenium2Test" tests="1" failures="0" timestamp="07 Apr 2019 13:40:47 GMT" time="0.010" errors="0">
  <testcase name="test1" time="0.010" classname="amazon.Selenium2Test"/>
</testsuite> <!-- amazon.Selenium2Test -->
