<?xml version="1.0" encoding="UTF-8"?>
<!-- Generated by org.testng.reporters.JUnitReportReporter -->
<testsuite skipped="0" hostname="Madhavan-B" name="amazon.SingleTest" tests="1" failures="0" timestamp="07 Apr 2019 13:40:47 GMT" time="0.001" errors="0">
  <testcase name="check" time="0.001" classname="amazon.SingleTest"/>
</testsuite> <!-- amazon.SingleTest -->
