<?xml version="1.0" encoding="UTF-8"?>
<!-- Generated by org.testng.reporters.JUnitReportReporter -->
<testsuite hostname="Madhavan-B" name="amazon.Selenium2Test" tests="1" failures="0" timestamp="7 Apr 2019 14:23:40 GMT" time="0.000" errors="0">
  <testcase name="test1" time="0.000" classname="amazon.Selenium2Test"/>
</testsuite> <!-- amazon.Selenium2Test -->
