<?xml version="1.0" encoding="UTF-8"?>
<!-- Generated by org.testng.reporters.JUnitReportReporter -->
<testsuite hostname="Madhavan-B" name="amazon.SingleTest" tests="1" failures="0" timestamp="7 Apr 2019 14:23:54 GMT" time="0.013" errors="0">
  <testcase name="check" time="0.013" classname="amazon.SingleTest"/>
</testsuite> <!-- amazon.SingleTest -->
